TN:
SF:src/app/auth/auth.guard.ts
FN:7,(anonymous_2)
FN:9,(anonymous_3)
FNF:2
FNH:2
FNDA:2,(anonymous_2)
FNDA:2,(anonymous_3)
DA:6,1
DA:7,2
DA:10,2
DA:11,1
DA:12,1
LF:5
LH:5
BRDA:10,0,0,1
BRF:1
BRH:1
end_of_record
TN:
SF:src/app/auth/auth.service.ts
FN:11,(anonymous_2)
FN:13,(anonymous_3)
FN:15,(anonymous_4)
FN:19,(anonymous_5)
FN:21,(anonymous_6)
FN:25,(anonymous_7)
FN:26,(anonymous_8)
FN:27,(anonymous_9)
FN:29,(anonymous_10)
FN:31,(anonymous_11)
FN:35,(anonymous_12)
FNF:11
FNH:11
FNDA:4,(anonymous_2)
FNDA:1,(anonymous_3)
FNDA:1,(anonymous_4)
FNDA:1,(anonymous_5)
FNDA:1,(anonymous_6)
FNDA:4,(anonymous_7)
FNDA:5,(anonymous_8)
FNDA:1,(anonymous_9)
FNDA:2,(anonymous_10)
FNDA:1,(anonymous_11)
FNDA:1,(anonymous_12)
DA:8,1
DA:9,4
DA:11,4
DA:14,1
DA:15,1
DA:20,1
DA:21,1
DA:25,4
DA:26,5
DA:27,1
DA:29,2
DA:33,1
DA:35,1
LF:13
LH:13
BRF:0
BRH:0
end_of_record
TN:
SF:src/app/services/file.service.ts
FN:7,(anonymous_2)
FN:9,(anonymous_3)
FN:14,(anonymous_4)
FN:18,(anonymous_5)
FN:22,(anonymous_6)
FN:26,(anonymous_7)
FN:34,(anonymous_8)
FNF:7
FNH:7
FNDA:5,(anonymous_2)
FNDA:1,(anonymous_3)
FNDA:2,(anonymous_4)
FNDA:1,(anonymous_5)
FNDA:1,(anonymous_6)
FNDA:1,(anonymous_7)
FNDA:1,(anonymous_8)
DA:6,1
DA:7,5
DA:10,1
DA:11,1
DA:12,1
DA:13,1
DA:14,2
DA:15,1
DA:19,1
DA:23,1
DA:27,1
DA:28,1
DA:29,1
DA:31,1
DA:35,1
LF:15
LH:15
BRDA:12,0,0,1
BRDA:13,1,0,1
BRDA:14,2,0,1
BRDA:14,3,0,1
BRDA:14,3,1,1
BRDA:28,4,0,1
BRF:6
BRH:6
end_of_record
