TN:
SF:src/main.ts
FN:5,(anonymous_0)
FNF:1
FNH:0
FNDA:0,(anonymous_0)
DA:4,15
DA:5,0
LF:2
LH:1
BRF:0
BRH:0
end_of_record
TN:
SF:src/app/app-routing.module.ts
FN:23,(anonymous_0)
FNF:1
FNH:1
FNDA:15,(anonymous_0)
DA:10,15
DA:23,30
LF:2
LH:2
BRDA:23,0,0,15
BRDA:23,0,1,15
BRDA:23,1,0,15
BRDA:23,1,1,0
BRDA:23,1,2,15
BRF:5
BRH:4
end_of_record
TN:
SF:src/app/app.component.html
FN:6,AppComponent_button_5_Template_button_click_0_listener
FNF:1
FNH:0
FNDA:0,AppComponent_button_5_Template_button_click_0_listener
DA:1,15
DA:2,15
DA:4,15
DA:5,2984
DA:6,2984
DA:8,15
DA:9,30
DA:10,15
DA:12,15
DA:17,30
DA:18,15
DA:19,15
LF:12
LH:12
BRF:0
BRH:0
end_of_record
TN:
SF:src/app/app.component.ts
FN:9,(anonymous_3)
FN:12,(anonymous_4)
FN:14,(anonymous_5)
FN:16,(anonymous_6)
FN:19,(anonymous_7)
FN:20,(anonymous_8)
FNF:6
FNH:3
FNDA:15,(anonymous_3)
FNDA:15,(anonymous_4)
FNDA:2984,(anonymous_5)
FNDA:0,(anonymous_6)
FNDA:0,(anonymous_7)
FNDA:0,(anonymous_8)
DA:9,30
DA:10,15
DA:12,15
DA:14,2984
DA:18,0
DA:19,0
DA:20,0
LF:7
LH:4
BRDA:9,0,0,15
BRDA:9,0,1,15
BRF:2
BRH:2
end_of_record
TN:
SF:src/app/app.module.ts
FN:23,(anonymous_0)
FNF:1
FNH:1
FNDA:15,(anonymous_0)
DA:23,30
LF:1
LH:1
BRDA:23,0,0,15
BRDA:23,0,1,15
BRDA:23,1,0,15
BRDA:23,1,1,0
BRDA:23,1,2,15
BRF:5
BRH:4
end_of_record
TN:
SF:src/app/auth/auth.guard.ts
FN:6,(anonymous_0)
FN:7,(anonymous_1)
FN:9,(anonymous_2)
FNF:3
FNH:3
FNDA:15,(anonymous_0)
FNDA:10,(anonymous_1)
FNDA:10,(anonymous_2)
DA:6,25
DA:7,10
DA:10,10
DA:11,0
DA:12,0
LF:5
LH:3
BRDA:6,0,0,10
BRDA:6,0,1,10
BRF:2
BRH:2
end_of_record
TN:
SF:src/app/auth/auth.service.ts
FN:8,(anonymous_0)
FN:11,(anonymous_1)
FN:13,(anonymous_2)
FN:15,(anonymous_3)
FN:19,(anonymous_4)
FN:21,(anonymous_5)
FN:25,(anonymous_6)
FN:26,(anonymous_7)
FN:27,(anonymous_8)
FN:29,(anonymous_9)
FN:31,(anonymous_10)
FN:35,(anonymous_11)
FNF:12
FNH:9
FNDA:15,(anonymous_0)
FNDA:15,(anonymous_1)
FNDA:9,(anonymous_2)
FNDA:9,(anonymous_3)
FNDA:2,(anonymous_4)
FNDA:1,(anonymous_5)
FNDA:10,(anonymous_6)
FNDA:3041,(anonymous_7)
FNDA:2994,(anonymous_8)
FNDA:0,(anonymous_9)
FNDA:0,(anonymous_10)
FNDA:0,(anonymous_11)
DA:8,30
DA:9,15
DA:11,15
DA:14,9
DA:15,9
DA:20,2
DA:21,1
DA:25,10
DA:26,3041
DA:27,2994
DA:29,0
DA:33,0
DA:35,0
LF:13
LH:10
BRDA:8,0,0,15
BRDA:8,0,1,15
BRF:2
BRH:2
end_of_record
TN:
SF:src/app/auth/token.interceptor.ts
FN:7,(anonymous_0)
FN:8,(anonymous_1)
FN:10,(anonymous_2)
FNF:3
FNH:3
FNDA:15,(anonymous_0)
FNDA:15,(anonymous_1)
FNDA:47,(anonymous_2)
DA:7,30
DA:8,15
DA:11,47
DA:13,36
DA:14,36
DA:16,11
LF:6
LH:6
BRDA:7,0,0,15
BRDA:7,0,1,15
BRF:2
BRH:2
end_of_record
TN:
SF:src/app/download/download.component.html
FN:36,DownloadComponent_div_5_div_17_Template_input_ngModelChange_3_listener
FN:40,DownloadComponent_div_5_Template_button_click_18_listener
FNF:2
FNH:2
FNDA:28,DownloadComponent_div_5_div_17_Template_input_ngModelChange_3_listener
FNDA:4,DownloadComponent_div_5_Template_button_click_18_listener
DA:1,4
DA:2,4
DA:4,240
DA:6,240
DA:7,18
DA:8,2
DA:10,240
DA:12,212
DA:14,4
DA:16,4
DA:17,212
DA:19,4
DA:20,4
DA:21,212
DA:25,208
DA:26,0
DA:27,0
DA:28,0
DA:29,0
DA:31,4
DA:33,208
DA:35,2
DA:36,170
DA:40,8
DA:42,4
LF:25
LH:21
BRDA:25,0,0,104
BRDA:25,0,1,104
BRDA:10,1,0,120
BRDA:10,1,1,104
BRF:4
BRH:4
end_of_record
TN:
SF:src/app/download/download.component.ts
FN:10,(anonymous_8)
FN:17,(anonymous_9)
FN:19,(anonymous_10)
FN:23,(anonymous_11)
FN:27,(anonymous_12)
FN:38,(anonymous_13)
FN:41,(anonymous_14)
FN:51,(anonymous_15)
FN:61,(anonymous_16)
FNF:9
FNH:8
FNDA:15,(anonymous_8)
FNDA:4,(anonymous_9)
FNDA:4,(anonymous_10)
FNDA:4,(anonymous_11)
FNDA:0,(anonymous_12)
FNDA:4,(anonymous_13)
FNDA:2,(anonymous_14)
FNDA:2,(anonymous_15)
FNDA:104,(anonymous_16)
DA:10,19
DA:11,4
DA:12,4
DA:13,4
DA:14,4
DA:15,4
DA:17,4
DA:20,4
DA:22,4
DA:24,4
DA:25,4
DA:28,0
DA:29,0
DA:33,0
DA:34,0
DA:39,4
DA:40,4
DA:42,2
DA:43,2
DA:44,2
DA:45,2
DA:46,2
DA:47,2
DA:48,2
DA:49,2
DA:53,2
DA:55,0
DA:62,104
DA:63,104
DA:64,104
DA:65,104
DA:66,104
LF:32
LH:27
BRDA:20,0,0,4
BRDA:20,0,1,0
BRDA:62,1,0,0
BRDA:10,2,0,4
BRDA:10,2,1,4
BRF:5
BRH:3
end_of_record
TN:
SF:src/app/home/home.component.html
FNF:0
FNH:0
DA:1,0
DA:2,0
DA:3,0
DA:5,0
DA:6,0
DA:7,0
DA:8,0
DA:9,0
DA:12,0
DA:16,0
DA:18,0
DA:19,0
LF:12
LH:0
BRF:0
BRH:0
end_of_record
TN:
SF:src/app/home/home.component.ts
FN:7,(anonymous_0)
FNF:1
FNH:1
FNDA:15,(anonymous_0)
DA:7,15
LF:1
LH:1
BRDA:7,0,0,0
BRDA:7,0,1,0
BRF:2
BRH:0
end_of_record
TN:
SF:src/app/login/login.component.html
FN:3,LoginComponent_Template_form_ngSubmit_3_listener
FN:6,LoginComponent_Template_input_ngModelChange_6_listener
FN:11,LoginComponent_Template_input_ngModelChange_9_listener
FNF:3
FNH:3
FNDA:2,LoginComponent_Template_form_ngSubmit_3_listener
FNDA:53,LoginComponent_Template_input_ngModelChange_6_listener
FNDA:25,LoginComponent_Template_input_ngModelChange_9_listener
DA:1,2
DA:2,2
DA:3,2
DA:4,2
DA:5,2
DA:6,370
DA:9,2
DA:10,2
DA:11,370
DA:14,2
DA:17,368
DA:19,2
DA:20,2
LF:13
LH:13
BRF:0
BRH:0
end_of_record
TN:
SF:src/app/login/login.component.ts
FN:9,(anonymous_1)
FN:14,(anonymous_2)
FN:16,(anonymous_3)
FN:19,(anonymous_4)
FN:20,(anonymous_5)
FNF:5
FNH:5
FNDA:15,(anonymous_1)
FNDA:2,(anonymous_2)
FNDA:2,(anonymous_3)
FNDA:1,(anonymous_4)
FNDA:1,(anonymous_5)
DA:9,17
DA:10,2
DA:11,2
DA:12,2
DA:14,2
DA:17,2
DA:18,2
DA:19,1
DA:20,1
LF:9
LH:9
BRDA:20,0,0,1
BRDA:20,0,1,0
BRDA:9,1,0,2
BRDA:9,1,1,2
BRF:4
BRH:3
end_of_record
TN:
SF:src/app/register/register.component.html
FN:3,RegisterComponent_Template_form_ngSubmit_3_listener
FN:6,RegisterComponent_Template_input_ngModelChange_6_listener
FN:11,RegisterComponent_Template_input_ngModelChange_9_listener
FNF:3
FNH:3
FNDA:9,RegisterComponent_Template_form_ngSubmit_3_listener
FNDA:288,RegisterComponent_Template_input_ngModelChange_6_listener
FNDA:99,RegisterComponent_Template_input_ngModelChange_9_listener
DA:1,9
DA:2,9
DA:3,9
DA:4,9
DA:5,9
DA:6,1773
DA:9,9
DA:10,9
DA:11,1773
DA:14,9
DA:17,1764
DA:19,9
DA:20,9
LF:13
LH:13
BRF:0
BRH:0
end_of_record
TN:
SF:src/app/register/register.component.ts
FN:9,(anonymous_1)
FN:14,(anonymous_2)
FN:16,(anonymous_3)
FN:19,(anonymous_4)
FN:20,(anonymous_5)
FNF:5
FNH:4
FNDA:15,(anonymous_1)
FNDA:9,(anonymous_2)
FNDA:9,(anonymous_3)
FNDA:9,(anonymous_4)
FNDA:0,(anonymous_5)
DA:9,24
DA:10,9
DA:11,9
DA:12,9
DA:14,9
DA:17,9
DA:18,9
DA:19,9
DA:20,0
LF:9
LH:8
BRDA:20,0,0,0
BRDA:20,0,1,0
BRDA:9,1,0,9
BRDA:9,1,1,9
BRF:4
BRH:2
end_of_record
TN:
SF:src/app/services/file.service.ts
FN:6,(anonymous_0)
FN:7,(anonymous_1)
FN:9,(anonymous_2)
FN:14,(anonymous_3)
FN:18,(anonymous_4)
FN:22,(anonymous_5)
FN:26,(anonymous_6)
FN:34,(anonymous_7)
FNF:8
FNH:7
FNDA:15,(anonymous_0)
FNDA:14,(anonymous_1)
FNDA:8,(anonymous_2)
FNDA:0,(anonymous_3)
FNDA:18,(anonymous_4)
FNDA:4,(anonymous_5)
FNDA:4,(anonymous_6)
FNDA:2,(anonymous_7)
DA:6,29
DA:7,14
DA:10,8
DA:11,8
DA:12,8
DA:13,2
DA:14,0
DA:15,8
DA:19,18
DA:23,4
DA:27,4
DA:29,2
DA:31,4
DA:35,2
LF:14
LH:13
BRDA:14,0,0,8
BRDA:14,0,1,8
BRDA:6,1,0,14
BRDA:6,1,1,14
BRF:4
BRH:4
end_of_record
TN:
SF:src/app/upload/upload.component.html
FN:27,UploadComponent_div_11_Template_input_ngModelChange_4_listener
FN:32,UploadComponent_div_11_Template_input_ngModelChange_7_listener
FN:37,UploadComponent_div_11_Template_input_ngModelChange_10_listener
FN:40,UploadComponent_div_11_Template_button_click_11_listener
FN:41,UploadComponent_div_11_Template_button_click_13_listener
FN:52,UploadComponent_div_12_Template_button_click_8_listener
FN:76,UploadComponent_div_13_tr_17_Template_button_click_13_listener
FN:8,UploadComponent_Template_input_change_6_listener
FNF:8
FNH:4
FNDA:0,UploadComponent_div_11_Template_input_ngModelChange_4_listener
FNDA:18,UploadComponent_div_11_Template_input_ngModelChange_7_listener
FNDA:0,UploadComponent_div_11_Template_input_ngModelChange_10_listener
FNDA:8,UploadComponent_div_11_Template_button_click_11_listener
FNDA:0,UploadComponent_div_11_Template_button_click_13_listener
FNDA:0,UploadComponent_div_12_Template_button_click_8_listener
FNDA:2,UploadComponent_div_13_tr_17_Template_button_click_13_listener
FNDA:8,UploadComponent_Template_input_change_6_listener
DA:1,10
DA:2,552
DA:3,552
DA:5,10
DA:6,10
DA:7,10
DA:8,10
DA:9,552
DA:10,10
DA:13,10
DA:14,552
DA:15,392
DA:16,8
DA:17,10
DA:20,562
DA:23,552
DA:26,8
DA:27,232
DA:30,8
DA:31,8
DA:32,232
DA:35,8
DA:36,8
DA:37,232
DA:40,16
DA:41,8
DA:46,552
DA:47,6
DA:48,6
DA:49,6
DA:50,166
DA:52,6
DA:54,10
DA:57,552
DA:58,6
DA:59,6
DA:62,6
DA:63,6
DA:64,6
DA:65,6
DA:66,6
DA:69,6
DA:70,72
DA:71,78
DA:72,78
DA:73,78
DA:74,72
DA:75,6
DA:76,6
DA:79,6
LF:50
LH:50
BRDA:15,0,0,0
BRDA:15,0,1,192
BRDA:23,1,0,276
BRDA:23,1,1,192
BRDA:57,2,0,276
BRDA:57,2,1,276
BRF:6
BRH:5
end_of_record
TN:
SF:src/app/upload/upload.component.ts
FN:8,(anonymous_15)
FN:17,(anonymous_16)
FN:19,(anonymous_17)
FN:23,(anonymous_18)
FN:27,(anonymous_19)
FN:29,(anonymous_20)
FN:30,(anonymous_21)
FN:34,(anonymous_22)
FN:37,(anonymous_23)
FN:41,(anonymous_24)
FN:49,(anonymous_25)
FN:54,(anonymous_26)
FN:56,(anonymous_27)
FN:59,(anonymous_28)
FN:64,(anonymous_29)
FNF:15
FNH:12
FNDA:15,(anonymous_15)
FNDA:10,(anonymous_16)
FNDA:196,(anonymous_17)
FNDA:10,(anonymous_18)
FNDA:18,(anonymous_19)
FNDA:18,(anonymous_20)
FNDA:0,(anonymous_21)
FNDA:2,(anonymous_22)
FNDA:2,(anonymous_23)
FNDA:0,(anonymous_24)
FNDA:8,(anonymous_25)
FNDA:8,(anonymous_26)
FNDA:0,(anonymous_27)
FNDA:6,(anonymous_28)
FNDA:2,(anonymous_29)
DA:8,25
DA:10,10
DA:11,10
DA:12,10
DA:13,10
DA:15,10
DA:17,10
DA:20,196
DA:24,10
DA:28,18
DA:29,18
DA:30,0
DA:36,2
DA:38,2
DA:39,2
DA:42,0
DA:43,0
DA:50,8
DA:51,8
DA:55,0
DA:56,8
DA:57,8
DA:58,8
DA:60,6
DA:61,6
DA:62,6
DA:65,2
DA:66,2
DA:67,2
DA:68,2
DA:69,2
LF:31
LH:27
BRDA:50,0,0,8
BRDA:50,0,1,8
BRDA:56,1,0,0
BRDA:56,1,1,8
BRDA:58,2,0,8
BRDA:58,2,1,6
BRDA:66,3,0,2
BRDA:66,3,1,0
BRDA:67,4,0,2
BRDA:67,4,1,2
BRDA:67,4,2,0
BRDA:68,5,0,2
BRDA:68,5,1,0
BRDA:8,6,0,10
BRDA:8,6,1,10
BRF:15
BRH:11
end_of_record
