TN:
SF:src\main.ts
FN:5,(anonymous_0)
FNF:1
FNH:0
FNDA:0,(anonymous_0)
DA:4,9
DA:5,0
LF:2
LH:1
BRF:0
BRH:0
end_of_record
TN:
SF:src\app\app-routing.module.ts
FN:23,(anonymous_0)
FNF:1
FNH:1
FNDA:9,(anonymous_0)
DA:10,9
DA:23,18
LF:2
LH:2
BRDA:23,0,0,9
BRDA:23,0,1,9
BRDA:23,1,0,9
BRDA:23,1,1,0
BRDA:23,1,2,9
BRF:5
BRH:4
end_of_record
TN:
SF:src\app\app.component.html
FN:6,AppComponent_button_5_Template_button_click_0_listener
FNF:1
FNH:0
FNDA:0,AppComponent_button_5_Template_button_click_0_listener
DA:1,9
DA:2,9
DA:4,9
DA:5,1796
DA:6,1796
DA:8,9
DA:9,18
DA:10,9
DA:12,9
DA:17,18
DA:18,9
DA:19,9
LF:12
LH:12
BRF:0
BRH:0
end_of_record
TN:
SF:src\app\app.component.ts
FN:9,(anonymous_3)
FN:12,(anonymous_4)
FN:14,(anonymous_5)
FN:16,(anonymous_6)
FN:19,(anonymous_7)
FN:20,(anonymous_8)
FNF:6
FNH:3
FNDA:9,(anonymous_3)
FNDA:9,(anonymous_4)
FNDA:1796,(anonymous_5)
FNDA:0,(anonymous_6)
FNDA:0,(anonymous_7)
FNDA:0,(anonymous_8)
DA:9,18
DA:10,9
DA:12,9
DA:14,1796
DA:18,0
DA:19,0
DA:20,0
LF:7
LH:4
BRDA:9,0,0,9
BRDA:9,0,1,9
BRF:2
BRH:2
end_of_record
TN:
SF:src\app\app.module.ts
FN:23,(anonymous_0)
FNF:1
FNH:1
FNDA:9,(anonymous_0)
DA:23,18
LF:1
LH:1
BRDA:23,0,0,9
BRDA:23,0,1,9
BRDA:23,1,0,9
BRDA:23,1,1,0
BRDA:23,1,2,9
BRF:5
BRH:4
end_of_record
TN:
SF:src\app\auth\auth.guard.ts
FN:6,(anonymous_0)
FN:7,(anonymous_1)
FN:9,(anonymous_2)
FNF:3
FNH:3
FNDA:9,(anonymous_0)
FNDA:6,(anonymous_1)
FNDA:6,(anonymous_2)
DA:6,15
DA:7,6
DA:10,6
DA:11,0
DA:12,0
LF:5
LH:3
BRDA:6,0,0,6
BRDA:6,0,1,6
BRF:2
BRH:2
end_of_record
TN:
SF:src\app\auth\auth.service.ts
FN:8,(anonymous_0)
FN:11,(anonymous_1)
FN:13,(anonymous_2)
FN:15,(anonymous_3)
FN:19,(anonymous_4)
FN:21,(anonymous_5)
FN:25,(anonymous_6)
FN:26,(anonymous_7)
FN:27,(anonymous_8)
FN:29,(anonymous_9)
FN:31,(anonymous_10)
FN:35,(anonymous_11)
FNF:12
FNH:9
FNDA:9,(anonymous_0)
FNDA:9,(anonymous_1)
FNDA:5,(anonymous_2)
FNDA:5,(anonymous_3)
FNDA:2,(anonymous_4)
FNDA:1,(anonymous_5)
FNDA:6,(anonymous_6)
FNDA:1828,(anonymous_7)
FNDA:1802,(anonymous_8)
FNDA:0,(anonymous_9)
FNDA:0,(anonymous_10)
FNDA:0,(anonymous_11)
DA:8,18
DA:9,9
DA:11,9
DA:14,5
DA:15,5
DA:20,2
DA:21,1
DA:25,6
DA:26,1828
DA:27,1802
DA:29,0
DA:33,0
DA:35,0
LF:13
LH:10
BRDA:8,0,0,9
BRDA:8,0,1,9
BRF:2
BRH:2
end_of_record
TN:
SF:src\app\auth\token.interceptor.ts
FN:7,(anonymous_0)
FN:8,(anonymous_1)
FN:10,(anonymous_2)
FNF:3
FNH:3
FNDA:9,(anonymous_0)
FNDA:9,(anonymous_1)
FNDA:26,(anonymous_2)
DA:7,18
DA:8,9
DA:11,26
DA:13,19
DA:14,19
DA:16,7
LF:6
LH:6
BRDA:7,0,0,9
BRDA:7,0,1,9
BRF:2
BRH:2
end_of_record
TN:
SF:src\app\download\download.component.html
FN:36,DownloadComponent_div_5_div_17_Template_input_ngModelChange_3_listener
FN:40,DownloadComponent_div_5_Template_button_click_18_listener
FNF:2
FNH:2
FNDA:14,DownloadComponent_div_5_div_17_Template_input_ngModelChange_3_listener
FNDA:2,DownloadComponent_div_5_Template_button_click_18_listener
DA:1,2
DA:2,2
DA:4,120
DA:6,120
DA:7,9
DA:8,1
DA:10,120
DA:12,106
DA:14,2
DA:16,2
DA:17,106
DA:19,2
DA:20,2
DA:21,106
DA:25,104
DA:26,0
DA:27,0
DA:28,0
DA:29,0
DA:31,2
DA:33,104
DA:35,1
DA:36,85
DA:40,4
DA:42,2
LF:25
LH:21
BRDA:25,0,0,52
BRDA:25,0,1,52
BRDA:10,1,0,60
BRDA:10,1,1,52
BRF:4
BRH:4
end_of_record
TN:
SF:src\app\download\download.component.ts
FN:10,(anonymous_8)
FN:17,(anonymous_9)
FN:19,(anonymous_10)
FN:23,(anonymous_11)
FN:27,(anonymous_12)
FN:38,(anonymous_13)
FN:41,(anonymous_14)
FN:51,(anonymous_15)
FN:61,(anonymous_16)
FNF:9
FNH:8
FNDA:9,(anonymous_8)
FNDA:2,(anonymous_9)
FNDA:2,(anonymous_10)
FNDA:2,(anonymous_11)
FNDA:0,(anonymous_12)
FNDA:2,(anonymous_13)
FNDA:1,(anonymous_14)
FNDA:1,(anonymous_15)
FNDA:52,(anonymous_16)
DA:10,11
DA:11,2
DA:12,2
DA:13,2
DA:14,2
DA:15,2
DA:17,2
DA:20,2
DA:22,2
DA:24,2
DA:25,2
DA:28,0
DA:29,0
DA:33,0
DA:34,0
DA:39,2
DA:40,2
DA:42,1
DA:43,1
DA:44,1
DA:45,1
DA:46,1
DA:47,1
DA:48,1
DA:49,1
DA:53,1
DA:55,0
DA:62,52
DA:63,52
DA:64,52
DA:65,52
DA:66,52
LF:32
LH:27
BRDA:20,0,0,2
BRDA:20,0,1,0
BRDA:62,1,0,0
BRDA:10,2,0,2
BRDA:10,2,1,2
BRF:5
BRH:3
end_of_record
TN:
SF:src\app\home\home.component.html
FNF:0
FNH:0
DA:1,0
DA:2,0
DA:3,0
DA:5,0
DA:6,0
DA:7,0
DA:8,0
DA:9,0
DA:12,0
DA:16,0
DA:18,0
DA:19,0
LF:12
LH:0
BRF:0
BRH:0
end_of_record
TN:
SF:src\app\home\home.component.ts
FN:7,(anonymous_0)
FNF:1
FNH:1
FNDA:9,(anonymous_0)
DA:7,9
LF:1
LH:1
BRDA:7,0,0,0
BRDA:7,0,1,0
BRF:2
BRH:0
end_of_record
TN:
SF:src\app\login\login.component.html
FN:3,LoginComponent_Template_form_ngSubmit_3_listener
FN:6,LoginComponent_Template_input_ngModelChange_6_listener
FN:11,LoginComponent_Template_input_ngModelChange_9_listener
FNF:3
FNH:3
FNDA:2,LoginComponent_Template_form_ngSubmit_3_listener
FNDA:53,LoginComponent_Template_input_ngModelChange_6_listener
FNDA:25,LoginComponent_Template_input_ngModelChange_9_listener
DA:1,2
DA:2,2
DA:3,2
DA:4,2
DA:5,2
DA:6,370
DA:9,2
DA:10,2
DA:11,370
DA:14,2
DA:17,368
DA:19,2
DA:20,2
LF:13
LH:13
BRF:0
BRH:0
end_of_record
TN:
SF:src\app\login\login.component.ts
FN:9,(anonymous_1)
FN:14,(anonymous_2)
FN:16,(anonymous_3)
FN:19,(anonymous_4)
FN:20,(anonymous_5)
FNF:5
FNH:5
FNDA:9,(anonymous_1)
FNDA:2,(anonymous_2)
FNDA:2,(anonymous_3)
FNDA:1,(anonymous_4)
FNDA:1,(anonymous_5)
DA:9,11
DA:10,2
DA:11,2
DA:12,2
DA:14,2
DA:17,2
DA:18,2
DA:19,1
DA:20,1
LF:9
LH:9
BRDA:20,0,0,1
BRDA:20,0,1,0
BRDA:9,1,0,2
BRDA:9,1,1,2
BRF:4
BRH:3
end_of_record
TN:
SF:src\app\register\register.component.html
FN:3,RegisterComponent_Template_form_ngSubmit_3_listener
FN:6,RegisterComponent_Template_input_ngModelChange_6_listener
FN:11,RegisterComponent_Template_input_ngModelChange_9_listener
FNF:3
FNH:3
FNDA:5,RegisterComponent_Template_form_ngSubmit_3_listener
FNDA:161,RegisterComponent_Template_input_ngModelChange_6_listener
FNDA:55,RegisterComponent_Template_input_ngModelChange_9_listener
DA:1,5
DA:2,5
DA:3,5
DA:4,5
DA:5,5
DA:6,989
DA:9,5
DA:10,5
DA:11,989
DA:14,5
DA:17,984
DA:19,5
DA:20,5
LF:13
LH:13
BRF:0
BRH:0
end_of_record
TN:
SF:src\app\register\register.component.ts
FN:9,(anonymous_1)
FN:14,(anonymous_2)
FN:16,(anonymous_3)
FN:19,(anonymous_4)
FN:20,(anonymous_5)
FNF:5
FNH:4
FNDA:9,(anonymous_1)
FNDA:5,(anonymous_2)
FNDA:5,(anonymous_3)
FNDA:5,(anonymous_4)
FNDA:0,(anonymous_5)
DA:9,14
DA:10,5
DA:11,5
DA:12,5
DA:14,5
DA:17,5
DA:18,5
DA:19,5
DA:20,0
LF:9
LH:8
BRDA:20,0,0,0
BRDA:20,0,1,0
BRDA:9,1,0,5
BRDA:9,1,1,5
BRF:4
BRH:2
end_of_record
TN:
SF:src\app\services\file.service.ts
FN:6,(anonymous_0)
FN:7,(anonymous_1)
FN:9,(anonymous_2)
FN:14,(anonymous_3)
FN:18,(anonymous_4)
FN:22,(anonymous_5)
FN:26,(anonymous_6)
FN:34,(anonymous_7)
FNF:8
FNH:7
FNDA:9,(anonymous_0)
FNDA:8,(anonymous_1)
FNDA:4,(anonymous_2)
FNDA:0,(anonymous_3)
FNDA:10,(anonymous_4)
FNDA:2,(anonymous_5)
FNDA:2,(anonymous_6)
FNDA:1,(anonymous_7)
DA:6,17
DA:7,8
DA:10,4
DA:11,4
DA:12,4
DA:13,1
DA:14,0
DA:15,4
DA:19,10
DA:23,2
DA:27,2
DA:29,1
DA:31,2
DA:35,1
LF:14
LH:13
BRDA:14,0,0,4
BRDA:14,0,1,4
BRDA:6,1,0,8
BRDA:6,1,1,8
BRF:4
BRH:4
end_of_record
TN:
SF:src\app\upload\upload.component.html
FN:27,UploadComponent_div_11_Template_input_ngModelChange_4_listener
FN:32,UploadComponent_div_11_Template_input_ngModelChange_7_listener
FN:37,UploadComponent_div_11_Template_input_ngModelChange_10_listener
FN:40,UploadComponent_div_11_Template_button_click_11_listener
FN:41,UploadComponent_div_11_Template_button_click_13_listener
FN:52,UploadComponent_div_12_Template_button_click_8_listener
FN:76,UploadComponent_div_13_tr_17_Template_button_click_13_listener
FN:8,UploadComponent_Template_input_change_6_listener
FNF:8
FNH:4
FNDA:0,UploadComponent_div_11_Template_input_ngModelChange_4_listener
FNDA:9,UploadComponent_div_11_Template_input_ngModelChange_7_listener
FNDA:0,UploadComponent_div_11_Template_input_ngModelChange_10_listener
FNDA:4,UploadComponent_div_11_Template_button_click_11_listener
FNDA:0,UploadComponent_div_11_Template_button_click_13_listener
FNDA:0,UploadComponent_div_12_Template_button_click_8_listener
FNDA:1,UploadComponent_div_13_tr_17_Template_button_click_13_listener
FNDA:4,UploadComponent_Template_input_change_6_listener
DA:1,6
DA:2,288
DA:3,288
DA:5,6
DA:6,6
DA:7,6
DA:8,6
DA:9,288
DA:10,6
DA:13,6
DA:14,288
DA:15,204
DA:16,4
DA:17,6
DA:20,294
DA:23,288
DA:26,4
DA:27,124
DA:30,4
DA:31,4
DA:32,124
DA:35,4
DA:36,4
DA:37,124
DA:40,8
DA:41,4
DA:46,288
DA:47,3
DA:48,3
DA:49,3
DA:50,83
DA:52,3
DA:54,6
DA:57,288
DA:58,3
DA:59,3
DA:62,3
DA:63,3
DA:64,3
DA:65,3
DA:66,3
DA:69,3
DA:70,36
DA:71,39
DA:72,39
DA:73,39
DA:74,36
DA:75,3
DA:76,3
DA:79,3
LF:50
LH:50
BRDA:15,0,0,0
BRDA:15,0,1,100
BRDA:23,1,0,144
BRDA:23,1,1,100
BRDA:57,2,0,144
BRDA:57,2,1,144
BRF:6
BRH:5
end_of_record
TN:
SF:src\app\upload\upload.component.ts
FN:8,(anonymous_15)
FN:17,(anonymous_16)
FN:19,(anonymous_17)
FN:23,(anonymous_18)
FN:27,(anonymous_19)
FN:29,(anonymous_20)
FN:30,(anonymous_21)
FN:34,(anonymous_22)
FN:37,(anonymous_23)
FN:41,(anonymous_24)
FN:49,(anonymous_25)
FN:54,(anonymous_26)
FN:56,(anonymous_27)
FN:59,(anonymous_28)
FN:64,(anonymous_29)
FNF:15
FNH:12
FNDA:9,(anonymous_15)
FNDA:6,(anonymous_16)
FNDA:98,(anonymous_17)
FNDA:6,(anonymous_18)
FNDA:10,(anonymous_19)
FNDA:9,(anonymous_20)
FNDA:0,(anonymous_21)
FNDA:1,(anonymous_22)
FNDA:1,(anonymous_23)
FNDA:0,(anonymous_24)
FNDA:4,(anonymous_25)
FNDA:4,(anonymous_26)
FNDA:0,(anonymous_27)
FNDA:3,(anonymous_28)
FNDA:1,(anonymous_29)
DA:8,15
DA:10,6
DA:11,6
DA:12,6
DA:13,6
DA:15,6
DA:17,6
DA:20,98
DA:24,6
DA:28,10
DA:29,9
DA:30,0
DA:36,1
DA:38,1
DA:39,1
DA:42,0
DA:43,0
DA:50,4
DA:51,4
DA:55,0
DA:56,4
DA:57,4
DA:58,4
DA:60,3
DA:61,3
DA:62,3
DA:65,1
DA:66,1
DA:67,1
DA:68,1
DA:69,1
LF:31
LH:27
BRDA:50,0,0,4
BRDA:50,0,1,4
BRDA:56,1,0,0
BRDA:56,1,1,4
BRDA:58,2,0,4
BRDA:58,2,1,3
BRDA:66,3,0,1
BRDA:66,3,1,0
BRDA:67,4,0,1
BRDA:67,4,1,1
BRDA:67,4,2,0
BRDA:68,5,0,1
BRDA:68,5,1,0
BRDA:8,6,0,6
BRDA:8,6,1,6
BRF:15
BRH:11
end_of_record
